2024-08-03 11:06:33 info: Congratulations, your extension "Embold" is now active!
2024-08-03 11:06:33 info: tempDirectory : c:\Users\ASUS\.vscode\extensions\embold-vscode.embold-0.1.8\temp
2024-08-03 11:06:34 info: Extraction complete for source: c:\Users\ASUS\.vscode\extensions\embold-vscode.embold-0.1.8\resources\embold-scanner-archive.zip, destination: c:\Users\ASUS\.vscode\extensions\embold-vscode.embold-0.1.8\temp
2024-08-03 11:06:34 info: Extension installed on machine OS : win32
2024-08-03 11:06:34 info: Fetched the issues from DB
2024-08-03 11:06:34 info: Java version installed on machine : 
java version "1.8.0_381"
Java(TM) SE Runtime Environment (build 1.8.0_381-b09)
Java HotSpot(TM) 64-Bit Server VM (build 25.381-b09, mixed mode)

2024-08-03 11:06:34 info: Java installed on machine.
2024-08-03 11:06:35 info: Embold extension version response:{"hasSupport":false,"version":"0.1.6","changeNotes":"<div> <p>Release Date: 09 Oct, 2023 <br><span>Bug fixes and improvements.</span></p> </div>"}
2024-08-03 11:06:35 info: Current installed embold extension version : 0.1.8
2024-08-03 11:06:35 info: Latest embold extension version on marketplace : 0.1.6
2024-08-03 11:22:29 info: Row(s) deleted
2024-08-03 11:22:43 info: Row(s) deleted
2024-08-03 11:22:43 info: Row(s) deleted
2024-08-03 11:22:43 info: Row(s) deleted
2024-08-03 11:22:43 info: Row(s) deleted
2024-08-03 23:56:30 info: Row(s) deleted
2024-08-04 00:03:02 info: Row(s) deleted
2024-08-04 00:04:03 info: Row(s) deleted
2024-08-06 10:46:12 info: Congratulations, your extension "Embold" is now active!
2024-08-06 10:46:12 info: tempDirectory : c:\Users\ASUS\.vscode\extensions\embold-vscode.embold-0.1.8\temp
2024-08-06 10:46:13 info: Extraction complete for source: c:\Users\ASUS\.vscode\extensions\embold-vscode.embold-0.1.8\resources\embold-scanner-archive.zip, destination: c:\Users\ASUS\.vscode\extensions\embold-vscode.embold-0.1.8\temp
2024-08-06 10:46:13 info: Extension installed on machine OS : win32
2024-08-06 10:46:13 info: Fetched the issues from DB
2024-08-06 10:46:14 info: Java version installed on machine : 
java version "1.8.0_381"
Java(TM) SE Runtime Environment (build 1.8.0_381-b09)
Java HotSpot(TM) 64-Bit Server VM (build 25.381-b09, mixed mode)

2024-08-06 10:46:14 info: Java installed on machine.
2024-08-06 10:46:14 info: Row(s) deleted
2024-08-06 10:46:14 info: Embold extension version response:{"hasSupport":false,"version":"0.1.6","changeNotes":"<div> <p>Release Date: 09 Oct, 2023 <br><span>Bug fixes and improvements.</span></p> </div>"}
2024-08-06 10:46:14 info: Current installed embold extension version : 0.1.8
2024-08-06 10:46:14 info: Latest embold extension version on marketplace : 0.1.6
2024-08-06 14:25:44 info: Row(s) deleted
2024-08-06 20:26:53 info: Row(s) deleted
2024-08-06 21:06:40 info: Row(s) deleted
2024-08-06 21:06:40 info: Row(s) deleted
2024-08-06 23:21:28 info: Row(s) deleted
2024-08-06 23:22:58 info: Row(s) deleted
2024-08-07 07:05:00 info: Congratulations, your extension "Embold" is now active!
2024-08-07 07:05:00 info: tempDirectory : c:\Users\ASUS\.vscode\extensions\embold-vscode.embold-0.1.8\temp
2024-08-07 07:05:06 info: Extraction complete for source: c:\Users\ASUS\.vscode\extensions\embold-vscode.embold-0.1.8\resources\embold-scanner-archive.zip, destination: c:\Users\ASUS\.vscode\extensions\embold-vscode.embold-0.1.8\temp
2024-08-07 07:05:06 info: Extension installed on machine OS : win32
2024-08-07 07:05:06 info: Fetched the issues from DB
2024-08-07 07:05:06 info: Java version installed on machine : 
java version "1.8.0_381"
Java(TM) SE Runtime Environment (build 1.8.0_381-b09)
Java HotSpot(TM) 64-Bit Server VM (build 25.381-b09, mixed mode)

2024-08-07 07:05:06 info: Java installed on machine.
2024-08-07 07:05:07 info: Embold extension version response:{"hasSupport":false,"version":"0.1.6","changeNotes":"<div> <p>Release Date: 09 Oct, 2023 <br><span>Bug fixes and improvements.</span></p> </div>"}
2024-08-07 07:05:07 info: Current installed embold extension version : 0.1.8
2024-08-07 07:05:07 info: Latest embold extension version on marketplace : 0.1.6
2024-08-07 09:41:13 info: Congratulations, your extension "Embold" is now active!
2024-08-07 09:41:13 info: tempDirectory : c:\Users\ASUS\.vscode\extensions\embold-vscode.embold-0.1.8\temp
2024-08-07 09:41:16 info: Extraction complete for source: c:\Users\ASUS\.vscode\extensions\embold-vscode.embold-0.1.8\resources\embold-scanner-archive.zip, destination: c:\Users\ASUS\.vscode\extensions\embold-vscode.embold-0.1.8\temp
2024-08-07 09:41:16 info: Extension installed on machine OS : win32
2024-08-07 09:41:16 info: Fetched the issues from DB
2024-08-07 09:41:16 info: Java version installed on machine : 
java version "1.8.0_381"
Java(TM) SE Runtime Environment (build 1.8.0_381-b09)
Java HotSpot(TM) 64-Bit Server VM (build 25.381-b09, mixed mode)

2024-08-07 09:41:16 info: Java installed on machine.
2024-08-07 09:41:17 info: Embold extension version response:{"hasSupport":false,"version":"0.1.6","changeNotes":"<div> <p>Release Date: 09 Oct, 2023 <br><span>Bug fixes and improvements.</span></p> </div>"}
2024-08-07 09:41:17 info: Current installed embold extension version : 0.1.8
2024-08-07 09:41:17 info: Latest embold extension version on marketplace : 0.1.6
2024-08-07 09:43:24 info: Congratulations, your extension "Embold" is now active!
2024-08-07 09:43:24 info: tempDirectory : c:\Users\ASUS\.vscode\extensions\embold-vscode.embold-0.1.8\temp
2024-08-07 09:43:26 info: Extraction complete for source: c:\Users\ASUS\.vscode\extensions\embold-vscode.embold-0.1.8\resources\embold-scanner-archive.zip, destination: c:\Users\ASUS\.vscode\extensions\embold-vscode.embold-0.1.8\temp
2024-08-07 09:43:26 info: Extension installed on machine OS : win32
2024-08-07 09:43:26 info: Fetched the issues from DB
2024-08-07 09:43:26 info: Java version installed on machine : 
java version "1.8.0_381"
Java(TM) SE Runtime Environment (build 1.8.0_381-b09)
Java HotSpot(TM) 64-Bit Server VM (build 25.381-b09, mixed mode)

2024-08-07 09:43:26 info: Java installed on machine.
2024-08-07 09:43:27 info: Embold extension version response:{"hasSupport":false,"version":"0.1.6","changeNotes":"<div> <p>Release Date: 09 Oct, 2023 <br><span>Bug fixes and improvements.</span></p> </div>"}
2024-08-07 09:43:27 info: Current installed embold extension version : 0.1.8
2024-08-07 09:43:27 info: Latest embold extension version on marketplace : 0.1.6
